<?xml version="1.0" encoding="UTF-8"?>
<!-- Generated by org.testng.reporters.JUnitXMLReporter -->
<testsuite ignored="0" hostname="LTIN293721" failures="0" tests="14" name="Main" time="497.212" errors="0" timestamp="2024-02-15T12:33:57 IST">
  <testcase classname="testCases.TC_01CourseraPage" name="surveyvisibility" time="0.81"/>
  <testcase classname="testCases.TC_01CourseraPage" name="TitleVerification" time="0.391"/>
  <testcase classname="testCases.TC_02Webdevelopment" name="course_search" time="6.341"/>
  <testcase classname="testCases.TC_02Webdevelopment" name="level_select" time="1.842"/>
  <testcase classname="testCases.TC_02Webdevelopment" name="language_select" time="0.628"/>
  <testcase classname="testCases.TC_02Webdevelopment" name="ScrolluptoSearch" time="0.024"/>
  <testcase classname="testCases.TC_02Webdevelopment" name="firstcourseselect" time="2.222"/>
  <testcase classname="testCases.TC_02Webdevelopment" name="secondcourseselect" time="0.579"/>
  <testcase classname="testCases.TC_03LanguageLearning" name="search_Language" time="10.991"/>
  <testcase classname="testCases.TC_03LanguageLearning" name="show_FiveCourses" time="366.086"/>
  <testcase classname="testCases.TC_04FormFilling" name="Enterprise" time="9.79"/>
  <testcase classname="testCases.TC_04FormFilling" name="form" time="4.848"/>
  <testcase classname="testCases.TC_04FormFilling" name="startfillingform" time="9.197"/>
  <testcase classname="testCases.TC_04FormFilling" name="messageDisplay" time="2.112"/>
</testsuite> <!-- Main -->
