<?xml version="1.0" encoding="UTF-8"?>
<!-- Generated by org.testng.reporters.JUnitXMLReporter -->
<testsuite ignored="12" hostname="LTIN284147" failures="0" tests="2" name="Test1" time="39.872" errors="0" timestamp="2024-02-14T15:05:15 IST">
  <testcase classname="testCases.TC_01CourseraPage" name="surveyvisibility" time="4.382"/>
  <testcase classname="testCases.TC_01CourseraPage" name="TitleVerification" time="0.548"/>
  <testcase classname="testCases.TC_02Webdevelopment" name="language_select" time="0.0">
    <ignored/>
  </testcase> <!-- language_select -->
  <testcase classname="testCases.TC_03LanguageLearning" name="show_FiveCourses" time="0.0">
    <ignored/>
  </testcase> <!-- show_FiveCourses -->
  <testcase classname="testCases.TC_04FormFilling" name="messageDisplay" time="0.0">
    <ignored/>
  </testcase> <!-- messageDisplay -->
  <testcase classname="testCases.TC_03LanguageLearning" name="search_Language" time="0.0">
    <ignored/>
  </testcase> <!-- search_Language -->
  <testcase classname="testCases.TC_02Webdevelopment" name="secondcourseselect" time="0.0">
    <ignored/>
  </testcase> <!-- secondcourseselect -->
  <testcase classname="testCases.TC_02Webdevelopment" name="firstcourseselect" time="0.0">
    <ignored/>
  </testcase> <!-- firstcourseselect -->
  <testcase classname="testCases.TC_02Webdevelopment" name="level_select" time="0.0">
    <ignored/>
  </testcase> <!-- level_select -->
  <testcase classname="testCases.TC_02Webdevelopment" name="course_search" time="0.0">
    <ignored/>
  </testcase> <!-- course_search -->
  <testcase classname="testCases.TC_04FormFilling" name="form" time="0.0">
    <ignored/>
  </testcase> <!-- form -->
  <testcase classname="testCases.TC_04FormFilling" name="startfillingform" time="0.0">
    <ignored/>
  </testcase> <!-- startfillingform -->
  <testcase classname="testCases.TC_04FormFilling" name="Enterprise" time="0.0">
    <ignored/>
  </testcase> <!-- Enterprise -->
  <testcase classname="testCases.TC_02Webdevelopment" name="ScrolluptoSearch" time="0.0">
    <ignored/>
  </testcase> <!-- ScrolluptoSearch -->
</testsuite> <!-- Test1 -->
