<?xml version="1.0" encoding="UTF-8"?>
<testng-results ignored="0" total="14" passed="14" failed="0" skipped="0">
  <reporter-output>
  </reporter-output>
  <suite started-at="2024-02-15T12:25:38 IST" name="Suite" finished-at="2024-02-15T12:33:55 IST" duration-ms="497212">
    <groups>
      <group name="regression">
        <method signature="TC_02Webdevelopment.course_search()[pri:3, instance:testCases.TC_02Webdevelopment@8f2ef19]" name="course_search" class="testCases.TC_02Webdevelopment"/>
        <method signature="TC_02Webdevelopment.level_select()[pri:4, instance:testCases.TC_02Webdevelopment@8f2ef19]" name="level_select" class="testCases.TC_02Webdevelopment"/>
        <method signature="TC_02Webdevelopment.language_select()[pri:5, instance:testCases.TC_02Webdevelopment@8f2ef19]" name="language_select" class="testCases.TC_02Webdevelopment"/>
        <method signature="TC_02Webdevelopment.ScrolluptoSearch()[pri:6, instance:testCases.TC_02Webdevelopment@8f2ef19]" name="ScrolluptoSearch" class="testCases.TC_02Webdevelopment"/>
        <method signature="TC_02Webdevelopment.firstcourseselect()[pri:7, instance:testCases.TC_02Webdevelopment@8f2ef19]" name="firstcourseselect" class="testCases.TC_02Webdevelopment"/>
        <method signature="TC_02Webdevelopment.secondcourseselect()[pri:8, instance:testCases.TC_02Webdevelopment@8f2ef19]" name="secondcourseselect" class="testCases.TC_02Webdevelopment"/>
      </group> <!-- regression -->
      <group name="sanity">
        <method signature="TC_01CourseraPage.surveyvisibility()[pri:1, instance:testCases.TC_01CourseraPage@449a4f23]" name="surveyvisibility" class="testCases.TC_01CourseraPage"/>
        <method signature="TC_01CourseraPage.TitleVerification()[pri:2, instance:testCases.TC_01CourseraPage@449a4f23]" name="TitleVerification" class="testCases.TC_01CourseraPage"/>
      </group> <!-- sanity -->
      <group name="testcase">
        <method signature="TC_04FormFilling.Enterprise()[pri:11, instance:testCases.TC_04FormFilling@2cf3d63b]" name="Enterprise" class="testCases.TC_04FormFilling"/>
        <method signature="TC_04FormFilling.form()[pri:12, instance:testCases.TC_04FormFilling@2cf3d63b]" name="form" class="testCases.TC_04FormFilling"/>
        <method signature="TC_04FormFilling.startfillingform()[pri:13, instance:testCases.TC_04FormFilling@2cf3d63b]" name="startfillingform" class="testCases.TC_04FormFilling"/>
        <method signature="TC_04FormFilling.messageDisplay()[pri:14, instance:testCases.TC_04FormFilling@2cf3d63b]" name="messageDisplay" class="testCases.TC_04FormFilling"/>
      </group> <!-- testcase -->
      <group name="master">
        <method signature="TC_03LanguageLearning.search_Language()[pri:9, instance:testCases.TC_03LanguageLearning@470734c3]" name="search_Language" class="testCases.TC_03LanguageLearning"/>
        <method signature="TC_03LanguageLearning.show_FiveCourses()[pri:10, instance:testCases.TC_03LanguageLearning@470734c3]" name="show_FiveCourses" class="testCases.TC_03LanguageLearning"/>
      </group> <!-- master -->
    </groups>
    <test started-at="2024-02-15T12:25:38 IST" name="Main" finished-at="2024-02-15T12:33:55 IST" duration-ms="497212">
      <class name="testCases.TC_04FormFilling">
        <test-method is-config="true" signature="setup(java.lang.String,java.lang.String)[pri:0, instance:testCases.TC_04FormFilling@2cf3d63b]" started-at="2024-02-15T12:33:06 IST" name="setup" finished-at="2024-02-15T12:33:27 IST" duration-ms="20717" status="PASS">
          <params>
            <param index="0">
              <value>
                <![CDATA[windows]]>
              </value>
            </param>
            <param index="1">
              <value>
                <![CDATA[edge]]>
              </value>
            </param>
          </params>
          <reporter-output>
          </reporter-output>
        </test-method> <!-- setup -->
        <test-method signature="Enterprise()[pri:11, instance:testCases.TC_04FormFilling@2cf3d63b]" started-at="2024-02-15T12:33:27 IST" name="Enterprise" finished-at="2024-02-15T12:33:37 IST" duration-ms="9790" status="PASS">
          <reporter-output>
          </reporter-output>
        </test-method> <!-- Enterprise -->
        <test-method signature="form()[pri:12, instance:testCases.TC_04FormFilling@2cf3d63b]" started-at="2024-02-15T12:33:37 IST" name="form" finished-at="2024-02-15T12:33:42 IST" duration-ms="4848" status="PASS">
          <reporter-output>
          </reporter-output>
        </test-method> <!-- form -->
        <test-method signature="startfillingform()[pri:13, instance:testCases.TC_04FormFilling@2cf3d63b]" started-at="2024-02-15T12:33:42 IST" name="startfillingform" finished-at="2024-02-15T12:33:52 IST" duration-ms="9197" status="PASS">
          <reporter-output>
          </reporter-output>
        </test-method> <!-- startfillingform -->
        <test-method signature="messageDisplay()[pri:14, instance:testCases.TC_04FormFilling@2cf3d63b]" started-at="2024-02-15T12:33:52 IST" name="messageDisplay" finished-at="2024-02-15T12:33:54 IST" duration-ms="2112" status="PASS">
          <reporter-output>
          </reporter-output>
        </test-method> <!-- messageDisplay -->
        <test-method is-config="true" signature="teardown()[pri:0, instance:testCases.TC_04FormFilling@2cf3d63b]" started-at="2024-02-15T12:33:54 IST" name="teardown" finished-at="2024-02-15T12:33:55 IST" duration-ms="733" status="PASS">
          <reporter-output>
          </reporter-output>
        </test-method> <!-- teardown -->
      </class> <!-- testCases.TC_04FormFilling -->
      <class name="testCases.TC_01CourseraPage">
        <test-method is-config="true" signature="setup(java.lang.String,java.lang.String)[pri:0, instance:testCases.TC_01CourseraPage@449a4f23]" started-at="2024-02-15T12:25:38 IST" name="setup" finished-at="2024-02-15T12:25:57 IST" duration-ms="19316" status="PASS">
          <params>
            <param index="0">
              <value>
                <![CDATA[windows]]>
              </value>
            </param>
            <param index="1">
              <value>
                <![CDATA[edge]]>
              </value>
            </param>
          </params>
          <reporter-output>
          </reporter-output>
        </test-method> <!-- setup -->
        <test-method signature="surveyvisibility()[pri:1, instance:testCases.TC_01CourseraPage@449a4f23]" started-at="2024-02-15T12:25:57 IST" name="surveyvisibility" finished-at="2024-02-15T12:25:58 IST" duration-ms="810" status="PASS">
          <reporter-output>
          </reporter-output>
        </test-method> <!-- surveyvisibility -->
        <test-method signature="TitleVerification()[pri:2, instance:testCases.TC_01CourseraPage@449a4f23]" started-at="2024-02-15T12:25:59 IST" name="TitleVerification" finished-at="2024-02-15T12:25:59 IST" duration-ms="391" status="PASS">
          <reporter-output>
          </reporter-output>
        </test-method> <!-- TitleVerification -->
        <test-method is-config="true" signature="teardown()[pri:0, instance:testCases.TC_01CourseraPage@449a4f23]" started-at="2024-02-15T12:25:59 IST" name="teardown" finished-at="2024-02-15T12:26:00 IST" duration-ms="534" status="PASS">
          <reporter-output>
          </reporter-output>
        </test-method> <!-- teardown -->
      </class> <!-- testCases.TC_01CourseraPage -->
      <class name="testCases.TC_03LanguageLearning">
        <test-method is-config="true" signature="setup(java.lang.String,java.lang.String)[pri:0, instance:testCases.TC_03LanguageLearning@470734c3]" started-at="2024-02-15T12:26:31 IST" name="setup" finished-at="2024-02-15T12:26:48 IST" duration-ms="16988" status="PASS">
          <params>
            <param index="0">
              <value>
                <![CDATA[windows]]>
              </value>
            </param>
            <param index="1">
              <value>
                <![CDATA[edge]]>
              </value>
            </param>
          </params>
          <reporter-output>
          </reporter-output>
        </test-method> <!-- setup -->
        <test-method signature="search_Language()[pri:9, instance:testCases.TC_03LanguageLearning@470734c3]" started-at="2024-02-15T12:26:48 IST" name="search_Language" finished-at="2024-02-15T12:26:59 IST" duration-ms="10991" status="PASS">
          <reporter-output>
          </reporter-output>
        </test-method> <!-- search_Language -->
        <test-method signature="show_FiveCourses()[pri:10, instance:testCases.TC_03LanguageLearning@470734c3]" started-at="2024-02-15T12:26:59 IST" name="show_FiveCourses" finished-at="2024-02-15T12:33:05 IST" duration-ms="366086" status="PASS">
          <reporter-output>
          </reporter-output>
        </test-method> <!-- show_FiveCourses -->
        <test-method is-config="true" signature="teardown()[pri:0, instance:testCases.TC_03LanguageLearning@470734c3]" started-at="2024-02-15T12:33:05 IST" name="teardown" finished-at="2024-02-15T12:33:06 IST" duration-ms="861" status="PASS">
          <reporter-output>
          </reporter-output>
        </test-method> <!-- teardown -->
      </class> <!-- testCases.TC_03LanguageLearning -->
      <class name="testCases.TC_02Webdevelopment">
        <test-method is-config="true" signature="setup(java.lang.String,java.lang.String)[pri:0, instance:testCases.TC_02Webdevelopment@8f2ef19]" started-at="2024-02-15T12:26:00 IST" name="setup" finished-at="2024-02-15T12:26:17 IST" duration-ms="16965" status="PASS">
          <params>
            <param index="0">
              <value>
                <![CDATA[windows]]>
              </value>
            </param>
            <param index="1">
              <value>
                <![CDATA[edge]]>
              </value>
            </param>
          </params>
          <reporter-output>
          </reporter-output>
        </test-method> <!-- setup -->
        <test-method signature="course_search()[pri:3, instance:testCases.TC_02Webdevelopment@8f2ef19]" started-at="2024-02-15T12:26:17 IST" name="course_search" finished-at="2024-02-15T12:26:23 IST" duration-ms="6341" status="PASS">
          <reporter-output>
          </reporter-output>
        </test-method> <!-- course_search -->
        <test-method signature="level_select()[pri:4, instance:testCases.TC_02Webdevelopment@8f2ef19]" started-at="2024-02-15T12:26:24 IST" name="level_select" finished-at="2024-02-15T12:26:25 IST" duration-ms="1842" status="PASS">
          <reporter-output>
          </reporter-output>
        </test-method> <!-- level_select -->
        <test-method signature="language_select()[pri:5, instance:testCases.TC_02Webdevelopment@8f2ef19]" started-at="2024-02-15T12:26:26 IST" name="language_select" finished-at="2024-02-15T12:26:27 IST" duration-ms="628" status="PASS">
          <reporter-output>
          </reporter-output>
        </test-method> <!-- language_select -->
        <test-method signature="ScrolluptoSearch()[pri:6, instance:testCases.TC_02Webdevelopment@8f2ef19]" started-at="2024-02-15T12:26:27 IST" name="ScrolluptoSearch" finished-at="2024-02-15T12:26:27 IST" duration-ms="24" status="PASS">
          <reporter-output>
          </reporter-output>
        </test-method> <!-- ScrolluptoSearch -->
        <test-method signature="firstcourseselect()[pri:7, instance:testCases.TC_02Webdevelopment@8f2ef19]" started-at="2024-02-15T12:26:27 IST" name="firstcourseselect" finished-at="2024-02-15T12:26:29 IST" duration-ms="2222" status="PASS">
          <reporter-output>
          </reporter-output>
        </test-method> <!-- firstcourseselect -->
        <test-method signature="secondcourseselect()[pri:8, instance:testCases.TC_02Webdevelopment@8f2ef19]" started-at="2024-02-15T12:26:29 IST" name="secondcourseselect" finished-at="2024-02-15T12:26:30 IST" duration-ms="579" status="PASS">
          <reporter-output>
          </reporter-output>
        </test-method> <!-- secondcourseselect -->
        <test-method is-config="true" signature="teardown()[pri:0, instance:testCases.TC_02Webdevelopment@8f2ef19]" started-at="2024-02-15T12:26:30 IST" name="teardown" finished-at="2024-02-15T12:26:31 IST" duration-ms="407" status="PASS">
          <reporter-output>
          </reporter-output>
        </test-method> <!-- teardown -->
      </class> <!-- testCases.TC_02Webdevelopment -->
    </test> <!-- Main -->
  </suite> <!-- Suite -->
</testng-results>
